<?xml version="1.0" encoding="UTF-8"?>
<!-- Generated by org.testng.reporters.JUnitReportReporter -->
<testsuite hostname="D_evil" failures="0" tests="1" name="VTigerTestCases.Organization" time="17.590" errors="0" timestamp="2024-12-03T11:13:49 IST" skipped="0">
  <testcase classname="VTigerTestCases.Organization" name="main" time="17.590"/>
</testsuite> <!-- VTigerTestCases.Organization -->
