<?xml version="1.0" encoding="UTF-8"?>
<!-- Generated by org.testng.reporters.JUnitReportReporter -->
<testsuite hostname="D_evil" failures="0" tests="1" name="VTigerTestCases.TC_01" time="6.333" errors="0" timestamp="2024-12-03T11:25:59 IST" skipped="0">
  <testcase classname="VTigerTestCases.TC_01" name="main" time="6.333"/>
</testsuite> <!-- VTigerTestCases.TC_01 -->
